<?xml version="1.0" encoding="UTF-8"?>
<testng-results ignored="0" total="2" passed="2" failed="0" skipped="0">
  <reporter-output>
  </reporter-output>
  <suite started-at="2021-09-03T13:42:49 IST" name="Suite" finished-at="2021-09-03T13:43:56 IST" duration-ms="67353">
    <groups>
    </groups>
    <test started-at="2021-09-03T13:42:49 IST" name="Test" finished-at="2021-09-03T13:43:56 IST" duration-ms="67353">
      <class name="project.framework.HomePage">
        <test-method is-config="true" signature="initialize()[pri:0, instance:project.framework.HomePage@77a7cf58]" started-at="2021-09-03T13:42:49 IST" name="initialize" finished-at="2021-09-03T13:43:03 IST" duration-ms="13944" status="PASS">
          <reporter-output>
          </reporter-output>
        </test-method> <!-- initialize -->
        <test-method signature="basePageNavigation()[pri:0, instance:project.framework.HomePage@77a7cf58]" started-at="2021-09-03T13:43:32 IST" name="basePageNavigation" finished-at="2021-09-03T13:43:53 IST" duration-ms="21687" status="PASS">
          <reporter-output>
          </reporter-output>
        </test-method> <!-- basePageNavigation -->
        <test-method is-config="true" signature="teardown()[pri:0, instance:project.framework.HomePage@77a7cf58]" started-at="2021-09-03T13:43:53 IST" name="teardown" finished-at="2021-09-03T13:43:55 IST" duration-ms="1753" status="PASS">
          <reporter-output>
          </reporter-output>
        </test-method> <!-- teardown -->
      </class> <!-- project.framework.HomePage -->
      <class name="project.framework.validateNavigationBar">
        <test-method is-config="true" signature="initialize()[pri:0, instance:project.framework.validateNavigationBar@a43ce46]" started-at="2021-09-03T13:43:03 IST" name="initialize" finished-at="2021-09-03T13:43:15 IST" duration-ms="12198" status="PASS">
          <reporter-output>
          </reporter-output>
        </test-method> <!-- initialize -->
        <test-method signature="validateAppNavBar()[pri:0, instance:project.framework.validateNavigationBar@a43ce46]" started-at="2021-09-03T13:43:15 IST" name="validateAppNavBar" finished-at="2021-09-03T13:43:32 IST" duration-ms="16330" status="PASS">
          <reporter-output>
          </reporter-output>
        </test-method> <!-- validateAppNavBar -->
        <test-method is-config="true" signature="teardown()[pri:0, instance:project.framework.validateNavigationBar@a43ce46]" started-at="2021-09-03T13:43:55 IST" name="teardown" finished-at="2021-09-03T13:43:56 IST" duration-ms="1352" status="PASS">
          <reporter-output>
          </reporter-output>
        </test-method> <!-- teardown -->
      </class> <!-- project.framework.validateNavigationBar -->
    </test> <!-- Test -->
  </suite> <!-- Suite -->
</testng-results>
